2022-11-02 19:36:15.828 | INFO     | app.routes:page_not_found_error:13 - 404 Not Found: The requested URL was not found on the server. If you entered the URL manually please check your spelling and try again.
2022-11-02 19:52:24.602 | INFO     | app.routes:page_not_found_error:14 - 404 Not Found: The requested URL was not found on the server. If you entered the URL manually please check your spelling and try again.
2022-11-02 20:10:54.234 | INFO     | app.routes:page_not_found_error:26 - 404 Not Found: The requested URL was not found on the server. If you entered the URL manually please check your spelling and try again.
2022-11-02 23:29:13.567 | INFO     | app.routes:page_not_found_error:85 - 404 Not Found: The requested URL was not found on the server. If you entered the URL manually please check your spelling and try again.
2022-11-03 01:21:46.722 | INFO     | __main__:<module>:5 - test
2022-11-03 01:21:47.255 | INFO     | __main__:<module>:5 - test
2022-11-03 01:21:57.895 | INFO     | __main__:<module>:5 - test
2022-11-03 01:21:58.186 | INFO     | __main__:<module>:5 - test
2022-11-03 01:26:20.643 | INFO     | __main__:<module>:5 - Запуск
2022-11-03 01:26:21.001 | INFO     | __main__:<module>:5 - Запуск
2022-11-03 23:12:51.811 | INFO     | app.routes:page_not_found_error:133 - 404 Not Found: The requested URL was not found on the server. If you entered the URL manually please check your spelling and try again.
2022-11-04 19:57:50.352 | INFO     | app.routes:page_not_found_error:151 - 404 Not Found: The requested URL was not found on the server. If you entered the URL manually please check your spelling and try again.
2022-11-04 19:58:35.754 | INFO     | app.routes:page_not_found_error:151 - 404 Not Found: The requested URL was not found on the server. If you entered the URL manually please check your spelling and try again.
2022-11-04 19:58:35.916 | INFO     | app.routes:page_not_found_error:151 - 404 Not Found: The requested URL was not found on the server. If you entered the URL manually please check your spelling and try again.
2022-11-05 01:44:52.147 | INFO     | app.routes:page_not_found_error:190 - 401 Unauthorized: The server could not verify that you are authorized to access the URL requested. You either supplied the wrong credentials (e.g. a bad password), or your browser doesn't understand how to supply the credentials required.
2022-11-05 01:45:02.587 | INFO     | app.routes:page_not_found_error:190 - 401 Unauthorized: The server could not verify that you are authorized to access the URL requested. You either supplied the wrong credentials (e.g. a bad password), or your browser doesn't understand how to supply the credentials required.
2022-11-05 01:45:05.586 | INFO     | app.routes:page_not_found_error:190 - 401 Unauthorized: The server could not verify that you are authorized to access the URL requested. You either supplied the wrong credentials (e.g. a bad password), or your browser doesn't understand how to supply the credentials required.
2022-11-05 01:46:26.516 | INFO     | app.routes:page_not_found_error:190 - 401 Unauthorized: The server could not verify that you are authorized to access the URL requested. You either supplied the wrong credentials (e.g. a bad password), or your browser doesn't understand how to supply the credentials required.
2022-11-05 01:52:25.125 | INFO     | app.routes:page_not_found_error:190 - 401 Unauthorized: The server could not verify that you are authorized to access the URL requested. You either supplied the wrong credentials (e.g. a bad password), or your browser doesn't understand how to supply the credentials required.
2022-11-05 01:52:27.587 | INFO     | app.routes:page_not_found_error:190 - 401 Unauthorized: The server could not verify that you are authorized to access the URL requested. You either supplied the wrong credentials (e.g. a bad password), or your browser doesn't understand how to supply the credentials required.
2022-11-05 01:52:27.962 | INFO     | app.routes:page_not_found_error:190 - 401 Unauthorized: The server could not verify that you are authorized to access the URL requested. You either supplied the wrong credentials (e.g. a bad password), or your browser doesn't understand how to supply the credentials required.
2022-11-05 01:52:28.146 | INFO     | app.routes:page_not_found_error:190 - 401 Unauthorized: The server could not verify that you are authorized to access the URL requested. You either supplied the wrong credentials (e.g. a bad password), or your browser doesn't understand how to supply the credentials required.
2022-11-05 01:52:44.114 | INFO     | app.routes:page_not_found_error:190 - 401 Unauthorized: The server could not verify that you are authorized to access the URL requested. You either supplied the wrong credentials (e.g. a bad password), or your browser doesn't understand how to supply the credentials required.
2022-11-05 01:53:06.440 | INFO     | app.routes:page_not_found_error:191 - 401 Unauthorized: The server could not verify that you are authorized to access the URL requested. You either supplied the wrong credentials (e.g. a bad password), or your browser doesn't understand how to supply the credentials required.
2022-11-05 01:54:22.669 | INFO     | app.routes:page_not_found_error:191 - 401 Unauthorized: The server could not verify that you are authorized to access the URL requested. You either supplied the wrong credentials (e.g. a bad password), or your browser doesn't understand how to supply the credentials required.
2022-11-05 01:54:25.956 | INFO     | app.routes:page_not_found_error:192 - 401 Unauthorized: The server could not verify that you are authorized to access the URL requested. You either supplied the wrong credentials (e.g. a bad password), or your browser doesn't understand how to supply the credentials required.
2022-11-05 02:16:51.425 | INFO     | app.routes:page_not_found_error:209 - 401 Unauthorized: The server could not verify that you are authorized to access the URL requested. You either supplied the wrong credentials (e.g. a bad password), or your browser doesn't understand how to supply the credentials required.
2022-11-05 02:18:35.589 | INFO     | app.routes:page_not_found_error:209 - 401 Unauthorized: The server could not verify that you are authorized to access the URL requested. You either supplied the wrong credentials (e.g. a bad password), or your browser doesn't understand how to supply the credentials required.
2022-11-05 02:18:36.659 | INFO     | app.routes:page_not_found_error:209 - 401 Unauthorized: The server could not verify that you are authorized to access the URL requested. You either supplied the wrong credentials (e.g. a bad password), or your browser doesn't understand how to supply the credentials required.
2022-11-05 02:38:49.276 | INFO     | app.routes:page_not_found_error:264 - 401 Unauthorized: The server could not verify that you are authorized to access the URL requested. You either supplied the wrong credentials (e.g. a bad password), or your browser doesn't understand how to supply the credentials required.
2022-11-05 02:47:59.060 | INFO     | app.routes:page_not_found_error:264 - 401 Unauthorized: The server could not verify that you are authorized to access the URL requested. You either supplied the wrong credentials (e.g. a bad password), or your browser doesn't understand how to supply the credentials required.
2022-11-05 02:56:52.965 | INFO     | app.routes:page_not_found_error:264 - 401 Unauthorized: The server could not verify that you are authorized to access the URL requested. You either supplied the wrong credentials (e.g. a bad password), or your browser doesn't understand how to supply the credentials required.
2022-11-05 02:58:16.185 | INFO     | app.routes:page_not_found_error:264 - 401 Unauthorized: The server could not verify that you are authorized to access the URL requested. You either supplied the wrong credentials (e.g. a bad password), or your browser doesn't understand how to supply the credentials required.
2022-11-05 02:58:16.652 | INFO     | app.routes:page_not_found_error:264 - 401 Unauthorized: The server could not verify that you are authorized to access the URL requested. You either supplied the wrong credentials (e.g. a bad password), or your browser doesn't understand how to supply the credentials required.
2022-11-05 03:02:52.402 | INFO     | app.routes:page_not_found_error:262 - 401 Unauthorized: The server could not verify that you are authorized to access the URL requested. You either supplied the wrong credentials (e.g. a bad password), or your browser doesn't understand how to supply the credentials required.
2022-11-05 03:11:44.674 | INFO     | app.routes:page_not_found_error:268 - 401 Unauthorized: The server could not verify that you are authorized to access the URL requested. You either supplied the wrong credentials (e.g. a bad password), or your browser doesn't understand how to supply the credentials required.
2022-11-05 03:42:27.866 | INFO     | app.routes:page_not_found_error:269 - 401 Unauthorized: The server could not verify that you are authorized to access the URL requested. You either supplied the wrong credentials (e.g. a bad password), or your browser doesn't understand how to supply the credentials required.
2022-11-05 03:42:28.068 | INFO     | app.routes:page_not_found_error:269 - 401 Unauthorized: The server could not verify that you are authorized to access the URL requested. You either supplied the wrong credentials (e.g. a bad password), or your browser doesn't understand how to supply the credentials required.
2022-11-05 19:13:54.897 | INFO     | app.routes:page_not_found_error:262 - 404 Not Found: The requested URL was not found on the server. If you entered the URL manually please check your spelling and try again.
2022-11-05 19:13:55.693 | INFO     | app.routes:page_not_found_error:262 - 404 Not Found: The requested URL was not found on the server. If you entered the URL manually please check your spelling and try again.
2022-11-05 19:13:55.905 | INFO     | app.routes:page_not_found_error:262 - 404 Not Found: The requested URL was not found on the server. If you entered the URL manually please check your spelling and try again.
2022-11-05 19:13:56.073 | INFO     | app.routes:page_not_found_error:262 - 404 Not Found: The requested URL was not found on the server. If you entered the URL manually please check your spelling and try again.
2022-11-05 22:04:58.427 | INFO     | app.routes:page_not_found_error:265 - 404 Not Found: The requested URL was not found on the server. If you entered the URL manually please check your spelling and try again.
2022-11-05 23:48:14.418 | INFO     | app.routes:page_not_found_error:277 - 401 Unauthorized: The server could not verify that you are authorized to access the URL requested. You either supplied the wrong credentials (e.g. a bad password), or your browser doesn't understand how to supply the credentials required.
2022-11-05 23:48:15.051 | INFO     | app.routes:page_not_found_error:277 - 401 Unauthorized: The server could not verify that you are authorized to access the URL requested. You either supplied the wrong credentials (e.g. a bad password), or your browser doesn't understand how to supply the credentials required.
2022-11-06 00:27:35.186 | INFO     | app.routes:page_not_found_error:275 - 401 Unauthorized: The server could not verify that you are authorized to access the URL requested. You either supplied the wrong credentials (e.g. a bad password), or your browser doesn't understand how to supply the credentials required.
2022-11-06 00:27:37.746 | INFO     | app.routes:page_not_found_error:268 - 404 Not Found: The requested URL was not found on the server. If you entered the URL manually please check your spelling and try again.
2022-11-06 16:10:37.856 | INFO     | app.routes:page_not_found_error:347 - 401 Unauthorized: The server could not verify that you are authorized to access the URL requested. You either supplied the wrong credentials (e.g. a bad password), or your browser doesn't understand how to supply the credentials required.
2022-11-06 16:41:22.861 | INFO     | app.routes:page_not_found_error:349 - 404 Not Found: The requested URL was not found on the server. If you entered the URL manually please check your spelling and try again.
2022-11-06 16:41:46.389 | INFO     | app.routes:page_not_found_error:356 - 401 Unauthorized: The server could not verify that you are authorized to access the URL requested. You either supplied the wrong credentials (e.g. a bad password), or your browser doesn't understand how to supply the credentials required.
2022-11-06 16:43:39.068 | INFO     | app.routes:page_not_found_error:344 - 404 Not Found: The requested URL was not found on the server. If you entered the URL manually please check your spelling and try again.
2022-11-08 20:36:42.635 | INFO     | app.routes:page_not_found_error:568 - 401 Unauthorized: The server could not verify that you are authorized to access the URL requested. You either supplied the wrong credentials (e.g. a bad password), or your browser doesn't understand how to supply the credentials required.
2022-11-08 20:36:48.234 | INFO     | app.routes:page_not_found_error:568 - 401 Unauthorized: The server could not verify that you are authorized to access the URL requested. You either supplied the wrong credentials (e.g. a bad password), or your browser doesn't understand how to supply the credentials required.
2022-11-08 22:24:21.545 | INFO     | app.routes:page_not_found_error:802 - 404 Not Found: The requested URL was not found on the server. If you entered the URL manually please check your spelling and try again.
2022-11-08 22:41:50.103 | INFO     | app.routes:page_not_found_error:823 - 404 Not Found: The requested URL was not found on the server. If you entered the URL manually please check your spelling and try again.
2022-11-08 22:41:53.021 | INFO     | app.routes:page_not_found_error:823 - 404 Not Found: The requested URL was not found on the server. If you entered the URL manually please check your spelling and try again.
2022-11-08 22:41:57.152 | INFO     | app.routes:page_not_found_error:823 - 404 Not Found: The requested URL was not found on the server. If you entered the URL manually please check your spelling and try again.
2022-11-08 23:15:59.559 | INFO     | app.routes:page_not_found_error:849 - 401 Unauthorized: The server could not verify that you are authorized to access the URL requested. You either supplied the wrong credentials (e.g. a bad password), or your browser doesn't understand how to supply the credentials required.
2022-11-08 23:23:54.065 | INFO     | app.routes:page_not_found_error:849 - 401 Unauthorized: The server could not verify that you are authorized to access the URL requested. You either supplied the wrong credentials (e.g. a bad password), or your browser doesn't understand how to supply the credentials required.
2022-11-08 23:24:02.269 | INFO     | app.routes:page_not_found_error:842 - 404 Not Found: The requested URL was not found on the server. If you entered the URL manually please check your spelling and try again.
2022-11-09 20:08:42.380 | INFO     | app.routes:page_not_found_error:842 - 404 Not Found: The requested URL was not found on the server. If you entered the URL manually please check your spelling and try again.
2022-11-09 21:57:07.702 | INFO     | app.routes:page_not_found_error:840 - 404 Not Found: The requested URL was not found on the server. If you entered the URL manually please check your spelling and try again.
2022-11-10 18:19:59.596 | INFO     | app.routes:page_not_found_error:840 - 404 Not Found: The requested URL was not found on the server. If you entered the URL manually please check your spelling and try again.
2022-11-10 23:42:20.801 | INFO     | app.routes:page_not_found_error:855 - 404 Not Found: The requested URL was not found on the server. If you entered the URL manually please check your spelling and try again.
2022-11-12 18:14:52.100 | INFO     | app.routes:page_not_found_error:855 - 404 Not Found: The requested URL was not found on the server. If you entered the URL manually please check your spelling and try again.
2022-11-12 20:59:05.866 | INFO     | app.routes:page_not_found_error:855 - 404 Not Found: The requested URL was not found on the server. If you entered the URL manually please check your spelling and try again.
2022-11-12 20:59:05.906 | INFO     | app.routes:page_not_found_error:855 - 404 Not Found: The requested URL was not found on the server. If you entered the URL manually please check your spelling and try again.
2022-11-12 20:59:05.908 | INFO     | app.routes:page_not_found_error:855 - 404 Not Found: The requested URL was not found on the server. If you entered the URL manually please check your spelling and try again.
2022-11-12 20:59:09.759 | INFO     | app.routes:page_not_found_error:855 - 404 Not Found: The requested URL was not found on the server. If you entered the URL manually please check your spelling and try again.
2022-11-12 20:59:09.763 | INFO     | app.routes:page_not_found_error:855 - 404 Not Found: The requested URL was not found on the server. If you entered the URL manually please check your spelling and try again.
2022-11-12 20:59:09.765 | INFO     | app.routes:page_not_found_error:855 - 404 Not Found: The requested URL was not found on the server. If you entered the URL manually please check your spelling and try again.
2022-11-12 20:59:11.785 | INFO     | app.routes:page_not_found_error:855 - 404 Not Found: The requested URL was not found on the server. If you entered the URL manually please check your spelling and try again.
2022-11-12 20:59:11.790 | INFO     | app.routes:page_not_found_error:855 - 404 Not Found: The requested URL was not found on the server. If you entered the URL manually please check your spelling and try again.
2022-11-12 20:59:11.792 | INFO     | app.routes:page_not_found_error:855 - 404 Not Found: The requested URL was not found on the server. If you entered the URL manually please check your spelling and try again.
2022-11-12 20:59:13.733 | INFO     | app.routes:page_not_found_error:855 - 404 Not Found: The requested URL was not found on the server. If you entered the URL manually please check your spelling and try again.
2022-11-12 20:59:13.741 | INFO     | app.routes:page_not_found_error:855 - 404 Not Found: The requested URL was not found on the server. If you entered the URL manually please check your spelling and try again.
2022-11-12 20:59:13.744 | INFO     | app.routes:page_not_found_error:855 - 404 Not Found: The requested URL was not found on the server. If you entered the URL manually please check your spelling and try again.
2022-11-12 20:59:15.472 | INFO     | app.routes:page_not_found_error:855 - 404 Not Found: The requested URL was not found on the server. If you entered the URL manually please check your spelling and try again.
2022-11-12 20:59:15.483 | INFO     | app.routes:page_not_found_error:855 - 404 Not Found: The requested URL was not found on the server. If you entered the URL manually please check your spelling and try again.
2022-11-12 20:59:15.485 | INFO     | app.routes:page_not_found_error:855 - 404 Not Found: The requested URL was not found on the server. If you entered the URL manually please check your spelling and try again.
2022-11-12 20:59:17.201 | INFO     | app.routes:page_not_found_error:855 - 404 Not Found: The requested URL was not found on the server. If you entered the URL manually please check your spelling and try again.
2022-11-12 20:59:17.207 | INFO     | app.routes:page_not_found_error:855 - 404 Not Found: The requested URL was not found on the server. If you entered the URL manually please check your spelling and try again.
2022-11-12 20:59:17.210 | INFO     | app.routes:page_not_found_error:855 - 404 Not Found: The requested URL was not found on the server. If you entered the URL manually please check your spelling and try again.
2022-11-12 20:59:19.265 | INFO     | app.routes:page_not_found_error:855 - 404 Not Found: The requested URL was not found on the server. If you entered the URL manually please check your spelling and try again.
2022-11-12 20:59:19.273 | INFO     | app.routes:page_not_found_error:855 - 404 Not Found: The requested URL was not found on the server. If you entered the URL manually please check your spelling and try again.
2022-11-12 20:59:19.276 | INFO     | app.routes:page_not_found_error:855 - 404 Not Found: The requested URL was not found on the server. If you entered the URL manually please check your spelling and try again.
2022-11-12 20:59:22.060 | INFO     | app.routes:page_not_found_error:855 - 404 Not Found: The requested URL was not found on the server. If you entered the URL manually please check your spelling and try again.
2022-11-12 20:59:22.065 | INFO     | app.routes:page_not_found_error:855 - 404 Not Found: The requested URL was not found on the server. If you entered the URL manually please check your spelling and try again.
2022-11-12 20:59:22.066 | INFO     | app.routes:page_not_found_error:855 - 404 Not Found: The requested URL was not found on the server. If you entered the URL manually please check your spelling and try again.
2022-11-12 20:59:23.778 | INFO     | app.routes:page_not_found_error:855 - 404 Not Found: The requested URL was not found on the server. If you entered the URL manually please check your spelling and try again.
2022-11-12 20:59:23.784 | INFO     | app.routes:page_not_found_error:855 - 404 Not Found: The requested URL was not found on the server. If you entered the URL manually please check your spelling and try again.
2022-11-12 20:59:23.787 | INFO     | app.routes:page_not_found_error:855 - 404 Not Found: The requested URL was not found on the server. If you entered the URL manually please check your spelling and try again.
2022-11-13 17:05:43.250 | INFO     | app.routes:page_not_found_error:855 - 404 Not Found: The requested URL was not found on the server. If you entered the URL manually please check your spelling and try again.
2022-11-13 17:13:11.506 | INFO     | app.routes:page_not_found_error:868 - 404 Not Found: The requested URL was not found on the server. If you entered the URL manually please check your spelling and try again.
2022-11-13 18:35:07.742 | INFO     | app.routes:page_not_found_error:868 - 404 Not Found: The requested URL was not found on the server. If you entered the URL manually please check your spelling and try again.
2022-11-13 18:35:17.076 | INFO     | app.routes:page_not_found_error:868 - 404 Not Found: The requested URL was not found on the server. If you entered the URL manually please check your spelling and try again.
2022-11-13 18:35:18.891 | INFO     | app.routes:page_not_found_error:868 - 404 Not Found: The requested URL was not found on the server. If you entered the URL manually please check your spelling and try again.
2022-11-13 18:35:24.701 | INFO     | app.routes:page_not_found_error:868 - 404 Not Found: The requested URL was not found on the server. If you entered the URL manually please check your spelling and try again.
2022-11-13 18:36:03.624 | INFO     | app.routes:page_not_found_error:868 - 404 Not Found: The requested URL was not found on the server. If you entered the URL manually please check your spelling and try again.
2022-11-13 18:36:11.012 | INFO     | app.routes:page_not_found_error:868 - 404 Not Found: The requested URL was not found on the server. If you entered the URL manually please check your spelling and try again.
2022-11-13 18:36:15.347 | INFO     | app.routes:page_not_found_error:868 - 404 Not Found: The requested URL was not found on the server. If you entered the URL manually please check your spelling and try again.
2022-11-13 21:58:41.047 | INFO     | app.routes:page_not_found_error:868 - 404 Not Found: The requested URL was not found on the server. If you entered the URL manually please check your spelling and try again.
2022-11-13 22:21:07.464 | INFO     | app.routes:page_not_found_error:868 - 404 Not Found: The requested URL was not found on the server. If you entered the URL manually please check your spelling and try again.
2022-11-13 22:22:16.833 | INFO     | app.routes:page_not_found_error:868 - 404 Not Found: The requested URL was not found on the server. If you entered the URL manually please check your spelling and try again.
2022-11-14 03:13:17.773 | INFO     | app.routes:page_not_found_error:868 - 404 Not Found: The requested URL was not found on the server. If you entered the URL manually please check your spelling and try again.
2022-11-14 03:14:08.094 | INFO     | app.routes:page_not_found_error:868 - 404 Not Found: The requested URL was not found on the server. If you entered the URL manually please check your spelling and try again.
2022-11-19 14:56:03.820 | INFO     | app.routes:page_not_found_error:868 - 404 Not Found: The requested URL was not found on the server. If you entered the URL manually please check your spelling and try again.
2022-11-19 15:26:34.289 | INFO     | app.routes:page_not_found_error:868 - 404 Not Found: The requested URL was not found on the server. If you entered the URL manually please check your spelling and try again.
2022-11-19 15:26:39.763 | INFO     | app.routes:page_not_found_error:868 - 404 Not Found: The requested URL was not found on the server. If you entered the URL manually please check your spelling and try again.
2022-11-19 17:43:58.834 | INFO     | app.routes:page_not_found_error:868 - 404 Not Found: The requested URL was not found on the server. If you entered the URL manually please check your spelling and try again.
2022-11-19 18:04:07.825 | INFO     | app.routes:page_not_found_error:868 - 404 Not Found: The requested URL was not found on the server. If you entered the URL manually please check your spelling and try again.
2022-12-02 19:02:01.470 | INFO     | app.routes:page_not_found_error:868 - 404 Not Found: The requested URL was not found on the server. If you entered the URL manually please check your spelling and try again.
2022-12-03 11:23:02.258 | INFO     | app.routes:page_not_found_error:915 - 404 Not Found: The requested URL was not found on the server. If you entered the URL manually please check your spelling and try again.
2022-12-05 01:27:34.525 | INFO     | app.routes:page_not_found_error:916 - 404 Not Found: The requested URL was not found on the server. If you entered the URL manually please check your spelling and try again.
2023-03-01 18:06:48.136 | INFO     | app.routes:page_not_found_error:918 - 401 Unauthorized: The server could not verify that you are authorized to access the URL requested. You either supplied the wrong credentials (e.g. a bad password), or your browser doesn't understand how to supply the credentials required.
2023-03-01 18:06:49.929 | INFO     | app.routes:page_not_found_error:918 - 401 Unauthorized: The server could not verify that you are authorized to access the URL requested. You either supplied the wrong credentials (e.g. a bad password), or your browser doesn't understand how to supply the credentials required.
2023-04-08 13:09:09.134 | INFO     | app.routes:page_not_found_error:929 - 404 Not Found: The requested URL was not found on the server. If you entered the URL manually please check your spelling and try again.
2023-04-09 08:15:28.822 | INFO     | app.routes:page_not_found_error:929 - 404 Not Found: The requested URL was not found on the server. If you entered the URL manually please check your spelling and try again.
2023-04-13 07:25:57.706 | INFO     | app.routes:page_not_found_error:929 - 404 Not Found: The requested URL was not found on the server. If you entered the URL manually please check your spelling and try again.
2023-04-15 12:01:29.850 | INFO     | app.routes:page_not_found_error:965 - 404 Not Found: The requested URL was not found on the server. If you entered the URL manually please check your spelling and try again.
2023-04-16 11:07:19.143 | INFO     | app.routes:page_not_found_error:966 - 404 Not Found: The requested URL was not found on the server. If you entered the URL manually please check your spelling and try again.
2023-04-17 18:19:37.439 | INFO     | app.routes:page_not_found_error:989 - 404 Not Found: The requested URL was not found on the server. If you entered the URL manually please check your spelling and try again.
2023-04-20 20:43:59.688 | INFO     | app.routes:page_not_found_error:989 - 404 Not Found: The requested URL was not found on the server. If you entered the URL manually please check your spelling and try again.
2023-04-20 20:43:59.693 | INFO     | app.routes:page_not_found_error:989 - 404 Not Found: The requested URL was not found on the server. If you entered the URL manually please check your spelling and try again.
2023-04-20 20:43:59.855 | INFO     | app.routes:page_not_found_error:989 - 404 Not Found: The requested URL was not found on the server. If you entered the URL manually please check your spelling and try again.
2023-04-20 20:43:59.860 | INFO     | app.routes:page_not_found_error:989 - 404 Not Found: The requested URL was not found on the server. If you entered the URL manually please check your spelling and try again.
2023-04-20 20:43:59.863 | INFO     | app.routes:page_not_found_error:989 - 404 Not Found: The requested URL was not found on the server. If you entered the URL manually please check your spelling and try again.
2023-04-20 20:43:59.867 | INFO     | app.routes:page_not_found_error:989 - 404 Not Found: The requested URL was not found on the server. If you entered the URL manually please check your spelling and try again.
2023-04-20 20:43:59.870 | INFO     | app.routes:page_not_found_error:989 - 404 Not Found: The requested URL was not found on the server. If you entered the URL manually please check your spelling and try again.
2023-04-20 20:43:59.873 | INFO     | app.routes:page_not_found_error:989 - 404 Not Found: The requested URL was not found on the server. If you entered the URL manually please check your spelling and try again.
2023-04-20 20:43:59.875 | INFO     | app.routes:page_not_found_error:989 - 404 Not Found: The requested URL was not found on the server. If you entered the URL manually please check your spelling and try again.
2023-04-20 20:43:59.891 | INFO     | app.routes:page_not_found_error:989 - 404 Not Found: The requested URL was not found on the server. If you entered the URL manually please check your spelling and try again.
2023-04-20 20:43:59.894 | INFO     | app.routes:page_not_found_error:989 - 404 Not Found: The requested URL was not found on the server. If you entered the URL manually please check your spelling and try again.
2023-04-20 20:43:59.897 | INFO     | app.routes:page_not_found_error:989 - 404 Not Found: The requested URL was not found on the server. If you entered the URL manually please check your spelling and try again.
2023-04-20 20:43:59.900 | INFO     | app.routes:page_not_found_error:989 - 404 Not Found: The requested URL was not found on the server. If you entered the URL manually please check your spelling and try again.
2023-04-20 20:43:59.903 | INFO     | app.routes:page_not_found_error:989 - 404 Not Found: The requested URL was not found on the server. If you entered the URL manually please check your spelling and try again.
2023-04-20 20:43:59.906 | INFO     | app.routes:page_not_found_error:989 - 404 Not Found: The requested URL was not found on the server. If you entered the URL manually please check your spelling and try again.
2023-04-20 21:17:01.157 | INFO     | app.routes:page_not_found_error:989 - 404 Not Found: The requested URL was not found on the server. If you entered the URL manually please check your spelling and try again.
2023-04-20 21:17:07.607 | INFO     | app.routes:page_not_found_error:989 - 404 Not Found: The requested URL was not found on the server. If you entered the URL manually please check your spelling and try again.
2023-04-20 21:17:12.174 | INFO     | app.routes:page_not_found_error:989 - 404 Not Found: The requested URL was not found on the server. If you entered the URL manually please check your spelling and try again.
2023-04-21 11:52:16.556 | INFO     | app.routes:page_not_found_error:991 - 404 Not Found: The requested URL was not found on the server. If you entered the URL manually please check your spelling and try again.
